2019-09-30 14:39:35.065  INFO 85636 --- [main] o.s.b.w.embedded.tomcat.TomcatWebServer  : Tomcat initialized with port(s): 8080 (http)
2019-09-30 14:39:35.183  INFO 85636 --- [main] o.s.web.context.ContextLoader            : Root WebApplicationContext: initialization completed in 1545 ms
2019-09-30 14:39:36.390  INFO 85636 --- [main] pertySourcedRequestMappingHandlerMapping : Mapped URL path [/v2/api-docs] onto method [public org.springframework.http.ResponseEntity<springfox.documentation.spring.web.json.Json> springfox.documentation.swagger2.web.Swagger2Controller.getDocumentation(java.lang.String,javax.servlet.http.HttpServletRequest)]
2019-09-30 14:39:36.517  INFO 85636 --- [main] o.s.s.concurrent.ThreadPoolTaskExecutor  : Initializing ExecutorService 'applicationTaskExecutor'
2019-09-30 14:39:36.596  INFO 85636 --- [main] o.s.b.a.w.s.WelcomePageHandlerMapping    : Adding welcome page: class path resource [public/index.html]
2019-09-30 14:39:36.688  INFO 85636 --- [main] d.s.w.p.DocumentationPluginsBootstrapper : Context refreshed
2019-09-30 14:39:36.712  INFO 85636 --- [main] d.s.w.p.DocumentationPluginsBootstrapper : Found 1 custom documentation plugin(s)
2019-09-30 14:39:36.780  INFO 85636 --- [main] s.d.s.w.s.ApiListingReferenceScanner     : Scanning for api listing references
2019-09-30 14:39:36.990  INFO 85636 --- [main] .d.s.w.r.o.CachingOperationNameGenerator : Generating unique operation named: disableRouteUsingPUT_1
2019-09-30 14:39:36.991  INFO 85636 --- [main] .d.s.w.r.o.CachingOperationNameGenerator : Generating unique operation named: enableRouteUsingPUT_1
2019-09-30 14:39:37.025  INFO 85636 --- [main] .d.s.w.r.o.CachingOperationNameGenerator : Generating unique operation named: searchServiceUsingGET_1
2019-09-30 14:39:37.070  INFO 85636 --- [main] .d.s.w.r.o.CachingOperationNameGenerator : Generating unique operation named: createRuleUsingPOST_1
2019-09-30 14:39:37.071  INFO 85636 --- [main] .d.s.w.r.o.CachingOperationNameGenerator : Generating unique operation named: deleteRouteUsingDELETE_1
2019-09-30 14:39:37.074  INFO 85636 --- [main] .d.s.w.r.o.CachingOperationNameGenerator : Generating unique operation named: detailRouteUsingGET_1
2019-09-30 14:39:37.076  INFO 85636 --- [main] .d.s.w.r.o.CachingOperationNameGenerator : Generating unique operation named: disableRouteUsingPUT_2
2019-09-30 14:39:37.077  INFO 85636 --- [main] .d.s.w.r.o.CachingOperationNameGenerator : Generating unique operation named: enableRouteUsingPUT_2
2019-09-30 14:39:37.080  INFO 85636 --- [main] .d.s.w.r.o.CachingOperationNameGenerator : Generating unique operation named: searchRoutesUsingGET_1
2019-09-30 14:39:37.082  INFO 85636 --- [main] .d.s.w.r.o.CachingOperationNameGenerator : Generating unique operation named: updateRuleUsingPUT_1
2019-09-30 14:39:37.131  INFO 85636 --- [main] o.s.b.w.embedded.tomcat.TomcatWebServer  : Tomcat started on port(s): 8080 (http) with context path ''
2019-09-30 14:39:49.977  INFO 85636 --- [http-nio-8080-exec-1] o.s.web.servlet.DispatcherServlet        : Initializing Servlet 'dispatcherServlet'
2019-09-30 14:39:49.985  INFO 85636 --- [http-nio-8080-exec-1] o.s.web.servlet.DispatcherServlet        : Completed initialization in 8 ms
